#
# There is insufficient memory for the Java Runtime Environment to continue.
# Native memory allocation (malloc) failed to allocate 110100480 bytes for committing reserved memory.
# Possible reasons:
#   The system is out of physical RAM or swap space
#   In 32 bit mode, the process size limit was hit
# Possible solutions:
#   Reduce memory load on the system
#   Increase physical memory or swap space
#   Check if swap backing store is full
#   Use 64 bit Java on a 64 bit OS
#   Decrease Java heap size (-Xmx/-Xms)
#   Decrease number of Java threads
#   Decrease Java thread stack sizes (-Xss)
#   Set larger code cache with -XX:ReservedCodeCacheSize=
# This output file may be truncated or incomplete.
#
#  Out of Memory Error (os_linux.cpp:2745), pid=515, tid=140085813233408
#
# JRE version: Java(TM) SE Runtime Environment (7.0_65-b17) (build 1.7.0_65-b17)
# Java VM: Java HotSpot(TM) 64-Bit Server VM (24.65-b04 mixed mode linux-amd64 compressed oops)
# Failed to write core dump. Core dumps have been disabled. To enable core dumping, try "ulimit -c unlimited" before starting Java again
#

---------------  T H R E A D  ---------------

Current thread (0x00007f684c0ed000):  VMThread [stack: 0x00007f684512c000,0x00007f684522d000] [id=521]

Stack: [0x00007f684512c000,0x00007f684522d000],  sp=0x00007f684522b2c0,  free space=1020k
Native frames: (J=compiled Java code, j=interpreted, Vv=VM code, C=native code)
V  [libjvm.so+0x99eb8a]  VMError::report_and_die()+0x2ea
V  [libjvm.so+0x49721b]  report_vm_out_of_memory(char const*, int, unsigned long, char const*)+0x9b
V  [libjvm.so+0x81d9ae]  os::Linux::commit_memory_impl(char*, unsigned long, bool)+0xfe
V  [libjvm.so+0x81def9]  os::pd_commit_memory(char*, unsigned long, unsigned long, bool)+0x29
V  [libjvm.so+0x817caa]  os::commit_memory(char*, unsigned long, unsigned long, bool)+0x2a
V  [libjvm.so+0x88a7a3]  PSVirtualSpace::expand_by(unsigned long)+0x53
V  [libjvm.so+0x879c20]  PSOldGen::expand(unsigned long)+0x170
V  [libjvm.so+0x879e2b]  PSOldGen::resize(unsigned long)+0x1cb
V  [libjvm.so+0x882af1]  PSParallelCompact::invoke_no_policy(bool)+0x9b1
V  [libjvm.so+0x888a4d]  PSScavenge::invoke()+0x1ad
V  [libjvm.so+0x83f510]  ParallelScavengeHeap::failed_mem_allocate(unsigned long)+0x70
V  [libjvm.so+0x9a0417]  VM_ParallelGCFailedAllocation::doit()+0x97
V  [libjvm.so+0x9a78b5]  VM_Operation::evaluate()+0x55
V  [libjvm.so+0x9a5c7a]  VMThread::evaluate_operation(VM_Operation*)+0xba
V  [libjvm.so+0x9a5ffe]  VMThread::loop()+0x1ce
V  [libjvm.so+0x9a6470]  VMThread::run()+0x70
V  [libjvm.so+0x81f988]  java_start(Thread*)+0x108

VM_Operation (0x00007f680eb01fe0): ParallelGCFailedAllocation, mode: safepoint, requested by thread 0x00007f6840079800


---------------  P R O C E S S  ---------------

Java Threads: ( => current thread )
  0x00007f6840079800 JavaThread "http-bio-8080-exec-5" daemon [_thread_blocked, id=597, stack(0x00007f680ea07000,0x00007f680eb08000)]
  0x00007f68205fd800 JavaThread "http-bio-8080-exec-4" daemon [_thread_blocked, id=596, stack(0x00007f680eb08000,0x00007f680ec09000)]
  0x00007f6830142000 JavaThread "Thread-10" daemon [_thread_in_native, id=595, stack(0x00007f680ec09000,0x00007f680ed0a000)]
  0x00007f6834007800 JavaThread "http-bio-8080-exec-3" daemon [_thread_blocked, id=590, stack(0x00007f680ed0a000,0x00007f680ee0b000)]
  0x00007f684c00b000 JavaThread "DestroyJavaVM" [_thread_blocked, id=518, stack(0x00007f6851e16000,0x00007f6851f17000)]
  0x00007f684c6af800 JavaThread "Thread-8" [_thread_blocked, id=588, stack(0x00007f680ee0b000,0x00007f680ef0c000)]
  0x00007f6820974800 JavaThread "http-bio-8080-exec-2" daemon [_thread_blocked, id=587, stack(0x00007f680ef0c000,0x00007f680f00d000)]
  0x00007f6820ccd800 JavaThread "http-bio-8080-exec-1" daemon [_thread_in_native, id=586, stack(0x00007f680f00d000,0x00007f680f10e000)]
  0x00007f684ca6d000 JavaThread "http-bio-8080-AsyncTimeout" daemon [_thread_blocked, id=585, stack(0x00007f680f10e000,0x00007f680f20f000)]
  0x00007f684ca6c000 JavaThread "http-bio-8080-Acceptor-0" daemon [_thread_in_native, id=584, stack(0x00007f680f20f000,0x00007f680f310000)]
  0x00007f684ca69000 JavaThread "ContainerBackgroundProcessor[StandardEngine[Tomcat]]" daemon [_thread_blocked, id=583, stack(0x00007f680f310000,0x00007f680f411000)]
  0x00007f6808861800 JavaThread "net.sf.ehcache.CacheManager@1dc041f9" daemon [_thread_blocked, id=580, stack(0x00007f680f411000,0x00007f680f512000)]
  0x00007f6808757800 JavaThread "Abandoned connection cleanup thread" daemon [_thread_blocked, id=566, stack(0x00007f680f512000,0x00007f680f613000)]
  0x00007f6808748000 JavaThread "PoolCleaner[1609654867:1424801058043]" daemon [_thread_blocked, id=565, stack(0x00007f680f814000,0x00007f680f915000)]
  0x00007f68080a6800 JavaThread "FileSystemWatcher: files=#102 cl=groovy.lang.GroovyClassLoader@5ff16253" daemon [_thread_blocked, id=561, stack(0x00007f680f613000,0x00007f680f714000)]
  0x00007f684c997800 JavaThread "Thread-3" [_thread_in_native, id=556, stack(0x00007f680fd1f000,0x00007f680fe20000)]
  0x00007f684c6a7800 JavaThread "Thread-2" [_thread_blocked, id=555, stack(0x00007f6844086000,0x00007f6844187000)]
  0x00007f684c37b000 JavaThread "NonBlockingInputStreamThread" daemon [_thread_blocked, id=543, stack(0x00007f68445af000,0x00007f68446b0000)]
  0x00007f684c1f5000 JavaThread "Service Thread" daemon [_thread_blocked, id=527, stack(0x00007f68449eb000,0x00007f6844aec000)]
  0x00007f684c1e4800 JavaThread "C2 CompilerThread1" daemon [_thread_blocked, id=526, stack(0x00007f6844aec000,0x00007f6844bed000)]
  0x00007f684c1eb000 JavaThread "C2 CompilerThread0" daemon [_thread_blocked, id=525, stack(0x00007f6844bed000,0x00007f6844cee000)]
  0x00007f684c10b000 JavaThread "Signal Dispatcher" daemon [_thread_blocked, id=524, stack(0x00007f6844e29000,0x00007f6844f2a000)]
  0x00007f684c0f3800 JavaThread "Finalizer" daemon [_thread_blocked, id=523, stack(0x00007f6844f2a000,0x00007f684502b000)]
  0x00007f684c0f1800 JavaThread "Reference Handler" daemon [_thread_blocked, id=522, stack(0x00007f684502b000,0x00007f684512c000)]

Other Threads:
=>0x00007f684c0ed000 VMThread [stack: 0x00007f684512c000,0x00007f684522d000] [id=521]
  0x00007f684c1ff800 WatcherThread [stack: 0x00007f68448ea000,0x00007f68449eb000] [id=528]

VM state:at safepoint (normal execution)

VM Mutex/Monitor currently owned by a thread:  ([mutex/lock_event])
[0x00007f684c003b50] ExpandHeap_lock - owner thread: 0x00007f684c0ed000
[0x00007f684c008590] Threads_lock - owner thread: 0x00007f684c0ed000
[0x00007f684c008a90] Heap_lock - owner thread: 0x00007f6840079800

Heap
 PSYoungGen      total 204288K, used 3734K [0x00000000f0000000, 0x00000000ffb80000, 0x0000000100000000)
  eden space 157184K, 0% used [0x00000000f0000000,0x00000000f0000000,0x00000000f9980000)
  from space 47104K, 7% used [0x00000000fcd80000,0x00000000fd125920,0x00000000ffb80000)
  to   space 50176K, 0% used [0x00000000f9980000,0x00000000f9980000,0x00000000fca80000)
 ParOldGen       total 92160K, used 92069K [0x00000000d0000000, 0x00000000d5a00000, 0x00000000f0000000)
  object space 92160K, 99% used [0x00000000d0000000,0x00000000d59e9420,0x00000000d5a00000)
 PSPermGen       total 67072K, used 66848K [0x00000000c0000000, 0x00000000c4180000, 0x00000000d0000000)
  object space 67072K, 99% used [0x00000000c0000000,0x00000000c41481a0,0x00000000c4180000)

Card table byte_map: [0x00007f6848393000,0x00007f6848594000] byte_map_base: 0x00007f6847d93000

Polling page: 0x00007f6851f22000

Code Cache  [0x00007f6848594000, 0x00007f6848b04000, 0x00007f684b594000)
 total_blobs=1814 nmethods=1094 adapters=671 free_code_cache=43990Kb largest_free_block=44664448

Compilation events (10 events):
Event: 61.403 Thread 0x00007f684c1eb000 1238             org.springframework.util.ReflectionUtils::findMethod (111 bytes)
Event: 61.432 Thread 0x00007f684c1eb000 nmethod 1238 0x00007f68487ccfd0 code [0x00007f68487cd1c0, 0x00007f68487cdaf0]
Event: 61.464 Thread 0x00007f684c1e4800 1239             java.util.regex.ASCII::toLower (16 bytes)
Event: 61.465 Thread 0x00007f684c1eb000 1240             java.util.regex.ASCII::isUpper (18 bytes)
Event: 61.470 Thread 0x00007f684c1e4800 nmethod 1239 0x00007f68487ccdd0 code [0x00007f68487ccf00, 0x00007f68487ccf58]
Event: 61.471 Thread 0x00007f684c1e4800 1241 %           java.lang.AbstractStringBuilder::append @ 101 (144 bytes)
Event: 61.474 Thread 0x00007f684c1e4800 nmethod 1241% 0x00007f6848851990 code [0x00007f6848851ae0, 0x00007f6848851c98]
Event: 61.474 Thread 0x00007f684c1e4800 1242             java.util.regex.Pattern$SliceI::match (96 bytes)
Event: 61.475 Thread 0x00007f684c1eb000 nmethod 1240 0x00007f68487ccbd0 code [0x00007f68487ccd00, 0x00007f68487ccd58]
Event: 61.493 Thread 0x00007f684c1e4800 nmethod 1242 0x00007f68488dd090 code [0x00007f68488dd220, 0x00007f68488dde38]

GC Heap History (10 events):
Event: 29.890 GC heap after
Heap after GC invocations=41 (full 3):
 PSYoungGen      total 211968K, used 32909K [0x00000000f0000000, 0x0000000100000000, 0x0000000100000000)
  eden space 167936K, 0% used [0x00000000f0000000,0x00000000f0000000,0x00000000fa400000)
  from space 44032K, 74% used [0x00000000fd500000,0x00000000ff523520,0x0000000100000000)
  to   space 47104K, 0% used [0x00000000fa400000,0x00000000fa400000,0x00000000fd200000)
 ParOldGen       total 92160K, used 59700K [0x00000000d0000000, 0x00000000d5a00000, 0x00000000f0000000)
  object space 92160K, 64% used [0x00000000d0000000,0x00000000d3a4d0d8,0x00000000d5a00000)
 PSPermGen       total 60928K, used 60818K [0x00000000c0000000, 0x00000000c3b80000, 0x00000000d0000000)
  object space 60928K, 99% used [0x00000000c0000000,0x00000000c3b64918,0x00000000c3b80000)
}
Event: 30.556 GC heap before
{Heap before GC invocations=42 (full 3):
 PSYoungGen      total 211968K, used 195576K [0x00000000f0000000, 0x0000000100000000, 0x0000000100000000)
  eden space 167936K, 96% used [0x00000000f0000000,0x00000000f9edad40,0x00000000fa400000)
  from space 44032K, 74% used [0x00000000fd500000,0x00000000ff523520,0x0000000100000000)
  to   space 47104K, 0% used [0x00000000fa400000,0x00000000fa400000,0x00000000fd200000)
 ParOldGen       total 92160K, used 59700K [0x00000000d0000000, 0x00000000d5a00000, 0x00000000f0000000)
  object space 92160K, 64% used [0x00000000d0000000,0x00000000d3a4d0d8,0x00000000d5a00000)
 PSPermGen       total 63488K, used 63059K [0x00000000c0000000, 0x00000000c3e00000, 0x00000000d0000000)
  object space 63488K, 99% used [0x00000000c0000000,0x00000000c3d94f78,0x00000000c3e00000)
Event: 30.611 GC heap after
Heap after GC invocations=42 (full 3):
 PSYoungGen      total 204288K, used 35871K [0x00000000f0000000, 0x0000000100000000, 0x0000000100000000)
  eden space 167936K, 0% used [0x00000000f0000000,0x00000000f0000000,0x00000000fa400000)
  from space 36352K, 98% used [0x00000000fa400000,0x00000000fc707f40,0x00000000fc780000)
  to   space 50176K, 0% used [0x00000000fcf00000,0x00000000fcf00000,0x0000000100000000)
 ParOldGen       total 92160K, used 60272K [0x00000000d0000000, 0x00000000d5a00000, 0x00000000f0000000)
  object space 92160K, 65% used [0x00000000d0000000,0x00000000d3adc0e8,0x00000000d5a00000)
 PSPermGen       total 63488K, used 63059K [0x00000000c0000000, 0x00000000c3e00000, 0x00000000d0000000)
  object space 63488K, 99% used [0x00000000c0000000,0x00000000c3d94f78,0x00000000c3e00000)
}
Event: 31.193 GC heap before
{Heap before GC invocations=43 (full 3):
 PSYoungGen      total 204288K, used 199938K [0x00000000f0000000, 0x0000000100000000, 0x0000000100000000)
  eden space 167936K, 97% used [0x00000000f0000000,0x00000000fa038980,0x00000000fa400000)
  from space 36352K, 98% used [0x00000000fa400000,0x00000000fc707f40,0x00000000fc780000)
  to   space 50176K, 0% used [0x00000000fcf00000,0x00000000fcf00000,0x0000000100000000)
 ParOldGen       total 92160K, used 60272K [0x00000000d0000000, 0x00000000d5a00000, 0x00000000f0000000)
  object space 92160K, 65% used [0x00000000d0000000,0x00000000d3adc0e8,0x00000000d5a00000)
 PSPermGen       total 65024K, used 64627K [0x00000000c0000000, 0x00000000c3f80000, 0x00000000d0000000)
  object space 65024K, 99% used [0x00000000c0000000,0x00000000c3f1cfd8,0x00000000c3f80000)
Event: 31.268 GC heap after
Heap after GC invocations=43 (full 3):
 PSYoungGen      total 205824K, used 36802K [0x00000000f0000000, 0x0000000100000000, 0x0000000100000000)
  eden space 155648K, 0% used [0x00000000f0000000,0x00000000f0000000,0x00000000f9800000)
  from space 50176K, 73% used [0x00000000fcf00000,0x00000000ff2f0ba8,0x0000000100000000)
  to   space 53248K, 0% used [0x00000000f9800000,0x00000000f9800000,0x00000000fcc00000)
 ParOldGen       total 92160K, used 61376K [0x00000000d0000000, 0x00000000d5a00000, 0x00000000f0000000)
  object space 92160K, 66% used [0x00000000d0000000,0x00000000d3bf00e8,0x00000000d5a00000)
 PSPermGen       total 65024K, used 64627K [0x00000000c0000000, 0x00000000c3f80000, 0x00000000d0000000)
  object space 65024K, 99% used [0x00000000c0000000,0x00000000c3f1cfd8,0x00000000c3f80000)
}
Event: 31.690 GC heap before
{Heap before GC invocations=44 (full 3):
 PSYoungGen      total 205824K, used 192174K [0x00000000f0000000, 0x0000000100000000, 0x0000000100000000)
  eden space 155648K, 99% used [0x00000000f0000000,0x00000000f97bae78,0x00000000f9800000)
  from space 50176K, 73% used [0x00000000fcf00000,0x00000000ff2f0ba8,0x0000000100000000)
  to   space 53248K, 0% used [0x00000000f9800000,0x00000000f9800000,0x00000000fcc00000)
 ParOldGen       total 92160K, used 61376K [0x00000000d0000000, 0x00000000d5a00000, 0x00000000f0000000)
  object space 92160K, 66% used [0x00000000d0000000,0x00000000d3bf00e8,0x00000000d5a00000)
 PSPermGen       total 65536K, used 65297K [0x00000000c0000000, 0x00000000c4000000, 0x00000000d0000000)
  object space 65536K, 99% used [0x00000000c0000000,0x00000000c3fc4490,0x00000000c4000000)
Event: 31.822 GC heap after
Heap after GC invocations=44 (full 3):
 PSYoungGen      total 208896K, used 26276K [0x00000000f0000000, 0x0000000100000000, 0x0000000100000000)
  eden space 155648K, 0% used [0x00000000f0000000,0x00000000f0000000,0x00000000f9800000)
  from space 53248K, 49% used [0x00000000f9800000,0x00000000fb1a90b0,0x00000000fcc00000)
  to   space 51712K, 0% used [0x00000000fcd80000,0x00000000fcd80000,0x0000000100000000)
 ParOldGen       total 92160K, used 71945K [0x00000000d0000000, 0x00000000d5a00000, 0x00000000f0000000)
  object space 92160K, 78% used [0x00000000d0000000,0x00000000d4642650,0x00000000d5a00000)
 PSPermGen       total 65536K, used 65297K [0x00000000c0000000, 0x00000000c4000000, 0x00000000d0000000)
  object space 65536K, 99% used [0x00000000c0000000,0x00000000c3fc4490,0x00000000c4000000)
}
Event: 61.529 GC heap before
{Heap before GC invocations=45 (full 3):
 PSYoungGen      total 208896K, used 181924K [0x00000000f0000000, 0x0000000100000000, 0x0000000100000000)
  eden space 155648K, 100% used [0x00000000f0000000,0x00000000f9800000,0x00000000f9800000)
  from space 53248K, 49% used [0x00000000f9800000,0x00000000fb1a90b0,0x00000000fcc00000)
  to   space 51712K, 0% used [0x00000000fcd80000,0x00000000fcd80000,0x0000000100000000)
 ParOldGen       total 92160K, used 71945K [0x00000000d0000000, 0x00000000d5a00000, 0x00000000f0000000)
  object space 92160K, 78% used [0x00000000d0000000,0x00000000d4642650,0x00000000d5a00000)
 PSPermGen       total 67072K, used 66868K [0x00000000c0000000, 0x00000000c4180000, 0x00000000d0000000)
  object space 67072K, 99% used [0x00000000c0000000,0x00000000c414d2e8,0x00000000c4180000)
Event: 61.610 GC heap after
Heap after GC invocations=45 (full 3):
 PSYoungGen      total 204288K, used 13072K [0x00000000f0000000, 0x00000000ffb80000, 0x0000000100000000)
  eden space 157184K, 0% used [0x00000000f0000000,0x00000000f0000000,0x00000000f9980000)
  from space 47104K, 27% used [0x00000000fcd80000,0x00000000fda44128,0x00000000ffb80000)
  to   space 50176K, 0% used [0x00000000f9980000,0x00000000f9980000,0x00000000fca80000)
 ParOldGen       total 92160K, used 87657K [0x00000000d0000000, 0x00000000d5a00000, 0x00000000f0000000)
  object space 92160K, 95% used [0x00000000d0000000,0x00000000d559a440,0x00000000d5a00000)
 PSPermGen       total 67072K, used 66868K [0x00000000c0000000, 0x00000000c4180000, 0x00000000d0000000)
  object space 67072K, 99% used [0x00000000c0000000,0x00000000c414d2e8,0x00000000c4180000)
}
Event: 61.615 GC heap before
{Heap before GC invocations=46 (full 4):
 PSYoungGen      total 204288K, used 13072K [0x00000000f0000000, 0x00000000ffb80000, 0x0000000100000000)
  eden space 157184K, 0% used [0x00000000f0000000,0x00000000f0000000,0x00000000f9980000)
  from space 47104K, 27% used [0x00000000fcd80000,0x00000000fda44128,0x00000000ffb80000)
  to   space 50176K, 0% used [0x00000000f9980000,0x00000000f9980000,0x00000000fca80000)
 ParOldGen       total 92160K, used 87657K [0x00000000d0000000, 0x00000000d5a00000, 0x00000000f0000000)
  object space 92160K, 95% used [0x00000000d0000000,0x00000000d559a440,0x00000000d5a00000)
 PSPermGen       total 67072K, used 66868K [0x00000000c0000000, 0x00000000c4180000, 0x00000000d0000000)
  object space 67072K, 99% used [0x00000000c0000000,0x00000000c414d2e8,0x00000000c4180000)

Deoptimization events (10 events):
Event: 61.465 Thread 0x00007f6840079800 Uncommon trap: reason=class_check action=maybe_recompile pc=0x00007f68488a93b8 method=java.lang.Character.codePointAt(Ljava/lang/CharSequence;I)I @ 5
Event: 61.465 Thread 0x00007f6840079800 Uncommon trap: reason=class_check action=maybe_recompile pc=0x00007f68488a93b8 method=java.lang.Character.codePointAt(Ljava/lang/CharSequence;I)I @ 5
Event: 61.465 Thread 0x00007f6840079800 Uncommon trap: reason=class_check action=maybe_recompile pc=0x00007f68488a8b44 method=java.lang.Character.codePointAt(Ljava/lang/CharSequence;I)I @ 5
Event: 61.468 Thread 0x00007f6840079800 Uncommon trap: reason=bimorphic action=maybe_recompile pc=0x00007f68487c40fc method=java.lang.AbstractStringBuilder.append(Ljava/lang/CharSequence;II)Ljava/lang/AbstractStringBuilder; @ 18
Event: 61.468 Thread 0x00007f6840079800 Uncommon trap: reason=bimorphic action=maybe_recompile pc=0x00007f68487c40fc method=java.lang.AbstractStringBuilder.append(Ljava/lang/CharSequence;II)Ljava/lang/AbstractStringBuilder; @ 18
Event: 61.468 Thread 0x00007f6840079800 Uncommon trap: reason=bimorphic action=maybe_recompile pc=0x00007f68487c40fc method=java.lang.AbstractStringBuilder.append(Ljava/lang/CharSequence;II)Ljava/lang/AbstractStringBuilder; @ 18
Event: 61.472 Thread 0x00007f6840079800 Uncommon trap: reason=class_check action=maybe_recompile pc=0x00007f68488aa708 method=java.util.regex.Pattern$BmpCharProperty.match(Ljava/util/regex/Matcher;ILjava/lang/CharSequence;)Z @ 11
Event: 61.472 Thread 0x00007f6840079800 Uncommon trap: reason=class_check action=maybe_recompile pc=0x00007f68488aa708 method=java.util.regex.Pattern$BmpCharProperty.match(Ljava/util/regex/Matcher;ILjava/lang/CharSequence;)Z @ 11
Event: 61.515 Thread 0x00007f6840079800 Uncommon trap: reason=class_check action=maybe_recompile pc=0x00007f68488866e8 method=java.util.Collections$UnmodifiableCollection$1.next()Ljava/lang/Object; @ 4
Event: 61.515 Thread 0x00007f6840079800 Uncommon trap: reason=class_check action=maybe_recompile pc=0x00007f68488866e8 method=java.util.Collections$UnmodifiableCollection$1.next()Ljava/lang/Object; @ 4

Internal exceptions (10 events):
Event: 61.515 Thread 0x00007f6840079800 Threw 0x00000000f97ba4e0 at /HUDSON/workspace/7u-2-build-linux-amd64/jdk7u65/1224/hotspot/src/share/vm/prims/jvm.cpp:1244
Event: 61.515 Thread 0x00007f6840079800 Threw 0x00000000f97be9c8 at /HUDSON/workspace/7u-2-build-linux-amd64/jdk7u65/1224/hotspot/src/share/vm/prims/jvm.cpp:1244
Event: 61.516 Thread 0x00007f6840079800 Threw 0x00000000f97c4dc0 at /HUDSON/workspace/7u-2-build-linux-amd64/jdk7u65/1224/hotspot/src/share/vm/prims/jvm.cpp:1244
Event: 61.516 Thread 0x00007f6840079800 Threw 0x00000000f97c8c70 at /HUDSON/workspace/7u-2-build-linux-amd64/jdk7u65/1224/hotspot/src/share/vm/prims/jvm.cpp:1244
Event: 61.516 Thread 0x00007f6840079800 Threw 0x00000000f97cc998 at /HUDSON/workspace/7u-2-build-linux-amd64/jdk7u65/1224/hotspot/src/share/vm/prims/jvm.cpp:1244
Event: 61.516 Thread 0x00007f6840079800 Threw 0x00000000f97cfd98 at /HUDSON/workspace/7u-2-build-linux-amd64/jdk7u65/1224/hotspot/src/share/vm/prims/jvm.cpp:1244
Event: 61.517 Thread 0x00007f6840079800 Threw 0x00000000f97d39a8 at /HUDSON/workspace/7u-2-build-linux-amd64/jdk7u65/1224/hotspot/src/share/vm/prims/jvm.cpp:1244
Event: 61.517 Thread 0x00007f6840079800 Threw 0x00000000f97d73e0 at /HUDSON/workspace/7u-2-build-linux-amd64/jdk7u65/1224/hotspot/src/share/vm/prims/jvm.cpp:1244
Event: 61.518 Thread 0x00007f6840079800 Threw 0x00000000f97dc000 at /HUDSON/workspace/7u-2-build-linux-amd64/jdk7u65/1224/hotspot/src/share/vm/prims/jvm.cpp:1244
Event: 61.518 Thread 0x00007f6840079800 Threw 0x00000000f97dfea0 at /HUDSON/workspace/7u-2-build-linux-amd64/jdk7u65/1224/hotspot/src/share/vm/prims/jvm.cpp:1244

Events (10 events):
Event: 61.515 loading class 0x00007f684c9505f0 done
Event: 61.516 loading class 0x00007f6808534030
Event: 61.516 loading class 0x00007f6808534030 done
Event: 61.516 loading class 0x00007f684c9554f0
Event: 61.516 loading class 0x00007f684c9554f0 done
Event: 61.517 loading class 0x00007f6808534110
Event: 61.517 loading class 0x00007f6808534110 done
Event: 61.518 loading class 0x00007f684c9559f0
Event: 61.518 loading class 0x00007f684c9559f0 done
Event: 61.521 Executing VM operation: ParallelGCFailedAllocation


Dynamic libraries:
00400000-00401000 r-xp 00000000 fd:01 399779                             /opt/jdk1.7.0_65/bin/java
00600000-00601000 rw-p 00000000 fd:01 399779                             /opt/jdk1.7.0_65/bin/java
02394000-023b5000 rw-p 00000000 00:00 0                                  [heap]
c0000000-c4180000 rw-p 00000000 00:00 0 
c4180000-d0000000 rw-p 00000000 00:00 0 
d0000000-d5a00000 rw-p 00000000 00:00 0 
dc300000-f0000000 rw-p 00000000 00:00 0 
f0000000-ffb80000 rw-p 00000000 00:00 0 
ffb80000-100000000 ---p 00000000 00:00 0 
7f6808000000-7f6808d18000 rw-p 00000000 00:00 0 
7f6808d18000-7f680c000000 ---p 00000000 00:00 0 
7f680ea07000-7f680ea0a000 ---p 00000000 00:00 0 
7f680ea0a000-7f680eb08000 rw-p 00000000 00:00 0 
7f680eb08000-7f680eb0b000 ---p 00000000 00:00 0 
7f680eb0b000-7f680ec09000 rw-p 00000000 00:00 0 
7f680ec09000-7f680ec0c000 ---p 00000000 00:00 0 
7f680ec0c000-7f680ed0a000 rw-p 00000000 00:00 0 
7f680ed0a000-7f680ed0d000 ---p 00000000 00:00 0 
7f680ed0d000-7f680ee0b000 rw-p 00000000 00:00 0 
7f680ee0b000-7f680ee0e000 ---p 00000000 00:00 0 
7f680ee0e000-7f680ef0c000 rw-p 00000000 00:00 0 
7f680ef0c000-7f680ef0f000 ---p 00000000 00:00 0 
7f680ef0f000-7f680f00d000 rw-p 00000000 00:00 0 
7f680f00d000-7f680f010000 ---p 00000000 00:00 0 
7f680f010000-7f680f10e000 rw-p 00000000 00:00 0 
7f680f10e000-7f680f111000 ---p 00000000 00:00 0 
7f680f111000-7f680f20f000 rw-p 00000000 00:00 0 
7f680f20f000-7f680f212000 ---p 00000000 00:00 0 
7f680f212000-7f680f310000 rw-p 00000000 00:00 0 
7f680f310000-7f680f313000 ---p 00000000 00:00 0 
7f680f313000-7f680f411000 rw-p 00000000 00:00 0 
7f680f411000-7f680f414000 ---p 00000000 00:00 0 
7f680f414000-7f680f512000 rw-p 00000000 00:00 0 
7f680f512000-7f680f515000 ---p 00000000 00:00 0 
7f680f515000-7f680f613000 rw-p 00000000 00:00 0 
7f680f613000-7f680f616000 ---p 00000000 00:00 0 
7f680f616000-7f680f714000 rw-p 00000000 00:00 0 
7f680f808000-7f680f809000 rw-p 00000000 00:00 0 
7f680f809000-7f680f814000 r--s 0037c000 fd:01 399943                     /opt/jdk1.7.0_65/jre/lib/charsets.jar
7f680f814000-7f680f817000 ---p 00000000 00:00 0 
7f680f817000-7f680f915000 rw-p 00000000 00:00 0 
7f680f915000-7f680f918000 ---p 00000000 00:00 0 
7f680f918000-7f680fa16000 rw-p 00000000 00:00 0 
7f680fa16000-7f680fa19000 ---p 00000000 00:00 0 
7f680fa19000-7f680fb17000 rw-p 00000000 00:00 0 
7f680fb17000-7f680fb1f000 r-xp 00000000 fd:01 400482                     /opt/jdk1.7.0_65/jre/lib/amd64/libmanagement.so
7f680fb1f000-7f680fd1e000 ---p 00008000 fd:01 400482                     /opt/jdk1.7.0_65/jre/lib/amd64/libmanagement.so
7f680fd1e000-7f680fd1f000 rw-p 00007000 fd:01 400482                     /opt/jdk1.7.0_65/jre/lib/amd64/libmanagement.so
7f680fd1f000-7f680fd22000 ---p 00000000 00:00 0 
7f680fd22000-7f680fe20000 rw-p 00000000 00:00 0 
7f680fe20000-7f680fe23000 r--s 00012000 fd:01 400872                     /opt/grails-2.4.3/lib/javax.servlet/javax.servlet-api/jars/javax.servlet-api-3.0.1.jar
7f680fe23000-7f680fe28000 r--s 00040000 fd:01 402214                     /opt/grails-2.4.3/dist/grails-project-api-2.4.3.jar
7f680fe28000-7f680fe39000 r--s 000d2000 fd:01 1184589                    /root/.m2/repository/org/liquibase/liquibase-core/2.0.5/liquibase-core-2.0.5.jar
7f680fe39000-7f680fe3d000 r--s 0000c000 fd:01 1184581                    /root/.m2/repository/javax/validation/validation-api/1.1.0.Final/validation-api-1.1.0.Final.jar
7f680fe3d000-7f680fe43000 r--s 0004c000 fd:01 401144                     /opt/grails-2.4.3/lib/org.grails/grails-datastore-simple/jars/grails-datastore-simple-3.1.2.RELEASE.jar
7f680fe43000-7f680fe48000 r--s 00048000 fd:01 1054860                    /root/.m2/repository/dom4j/dom4j/1.6.1/dom4j-1.6.1.jar
7f680fe48000-7f680fe49000 r--s 00002000 fd:01 1184586                    /root/.m2/repository/org/jboss/logging/jboss-logging-annotations/1.2.0.Beta1/jboss-logging-annotations-1.2.0.Beta1.jar
7f680fe49000-7f680fe4c000 r--s 00010000 fd:01 1184582                    /root/.m2/repository/org/hibernate/common/hibernate-commons-annotations/4.0.4.Final/hibernate-commons-annotations-4.0.4.Final.jar
7f680fe4c000-7f680fe4e000 r--s 0000a000 fd:01 1184580                    /root/.m2/repository/org/grails/grails-datastore-gorm-plugin-support/3.1.2.RELEASE/grails-datastore-gorm-plugin-support-3.1.2.RELEASE.jar
7f680fe4e000-7f680fe56000 r--s 00052000 fd:01 1184578                    /root/.m2/repository/org/springframework/spring-orm/4.0.6.RELEASE/spring-orm-4.0.6.RELEASE.jar
7f680fe56000-7f680fe5c000 r--s 00041000 fd:01 1184577                    /root/.m2/repository/org/grails/grails-datastore-gorm-hibernate-core/3.1.2.RELEASE/grails-datastore-gorm-hibernate-core-3.1.2.RELEASE.jar
7f680fe5c000-7f680fe64000 r--s 00062000 fd:01 1054858                    /root/.m2/repository/org/grails/grails-datastore-gorm-hibernate4/3.1.2.RELEASE/grails-datastore-gorm-hibernate4-3.1.2.RELEASE.jar
7f680fe64000-7f680fe6e000 r--s 00081000 fd:01 401141                     /opt/grails-2.4.3/lib/org.grails/grails-datastore-gorm/jars/grails-datastore-gorm-3.1.2.RELEASE.jar
7f680fe6e000-7f680fe79000 r--s 00053000 fd:01 401138                     /opt/grails-2.4.3/lib/org.grails/grails-datastore-core/jars/grails-datastore-core-3.1.2.RELEASE.jar
7f680fe79000-7f680fe7b000 r--s 0000d000 fd:01 1184575                    /root/.m2/repository/org/jboss/logging/jboss-logging/3.1.0.GA/jboss-logging-3.1.0.GA.jar
7f680fe7b000-7f680fe91000 r--s 000e6000 fd:01 1184572                    /root/.m2/repository/net/sf/ehcache/ehcache-core/2.4.8/ehcache-core-2.4.8.jar
7f680fe91000-7f680fe93000 r--s 00011000 fd:01 1184571                    /root/.m2/repository/org/jboss/jandex/1.1.0.Final/jandex-1.1.0.Final.jar
7f680fe93000-7f680fe98000 r--s 00068000 fd:01 1184568                    /root/.m2/repository/antlr/antlr/2.7.7/antlr-2.7.7.jar
7f680fe98000-7f680fe99000 r--s 00006000 fd:01 1184566                    /root/.m2/repository/org/jboss/spec/javax/transaction/jboss-transaction-api_1.2_spec/1.0.0.Final/jboss-transaction-api_1.2_spec-1.0.0.Final.jar
7f680fe99000-7f680fef6000 r--s 004a0000 fd:01 1184564                    /root/.m2/repository/org/hibernate/hibernate-core/4.3.5.Final/hibernate-core-4.3.5.Final.jar
7f680fef6000-7f680fefa000 r--s 0001e000 fd:01 1184562                    /root/.m2/repository/org/hibernate/hibernate-ehcache/4.3.5.Final/hibernate-ehcache-4.3.5.Final.jar
7f680fefa000-7f680fefc000 r--s 0000d000 fd:01 1184560                    /root/.m2/repository/com/fasterxml/classmate/1.0.0/classmate-1.0.0.jar
7f680fefc000-7f680ff09000 r--s 00080000 fd:01 1054856                    /root/.m2/repository/org/hibernate/hibernate-validator/5.0.3.Final/hibernate-validator-5.0.3.Final.jar
7f680ff09000-7f680ff0d000 r--s 00027000 fd:01 400827                     /opt/grails-2.4.3/lib/commons-io/commons-io/jars/commons-io-2.2.jar
7f680ff0d000-7f680ff1a000 r--s 00109000 fd:01 1054854                    /root/.m2/repository/org/mozilla/rhino/1.7R4/rhino-1.7R4.jar
7f680ff1a000-7f680ff23000 r--s 000a5000 fd:01 1054851                    /root/.m2/repository/org/javassist/javassist/3.17.1-GA/javassist-3.17.1-GA.jar
7f680ff23000-7f680ff2b000 r--s 000cf000 fd:01 1321358                    /root/.m2/repository/mysql/mysql-connector-java/5.1.29/mysql-connector-java-5.1.29.jar
7f680ff2b000-7f680ff2e000 r--s 00083000 fd:01 402235                     /opt/grails-2.4.3/dist/grails-resources-2.4.3.jar
7f680ff2e000-7f680ff3b000 r--s 00189000 fd:01 400794                     /opt/grails-2.4.3/lib/com.h2database/h2/jars/h2-1.3.176.jar
7f680ff3b000-7f680ff3d000 r--s 0000e000 fd:01 402067                     /opt/grails-2.4.3/dist/grails-plugin-mimetypes-2.4.3.jar
7f680ff3d000-7f680ff41000 r--s 00021000 fd:01 401899                     /opt/grails-2.4.3/dist/grails-plugin-converters-2.4.3.jar
7f680ff41000-7f680ff44000 r--s 00018000 fd:01 401962                     /opt/grails-2.4.3/dist/grails-plugin-domain-class-2.4.3.jar
7f680ff44000-7f680ff45000 r--s 0000e000 fd:01 401043                     /opt/grails-2.4.3/lib/org.codehaus.jsr166-mirror/jsr166y/jars/jsr166y-1.7.0.jar
7f680ff45000-7f680ff61000 r--s 00136000 fd:01 401029                     /opt/grails-2.4.3/lib/org.codehaus.gpars/gpars/jars/gpars-1.2.1.jar
7f680ff61000-7f680ff63000 r--s 00011000 fd:01 401689                     /opt/grails-2.4.3/dist/grails-async-2.4.3.jar
7f680ff63000-7f680ff65000 r--s 0000e000 fd:01 401836                     /opt/grails-2.4.3/dist/grails-plugin-async-2.4.3.jar
7f680ff65000-7f680ff69000 r--s 00028000 fd:01 400838                     /opt/grails-2.4.3/lib/commons-validator/commons-validator/jars/commons-validator-1.4.0.jar
7f680ff69000-7f680ff6c000 r--s 00012000 fd:01 402319                     /opt/grails-2.4.3/dist/grails-validation-2.4.3.jar
7f680ff6c000-7f680ff70000 r--s 00019000 fd:01 400781                     /opt/grails-2.4.3/lib/com.googlecode.concurrentlinkedhashmap/concurrentlinkedhashmap-lru/jars/concurrentlinkedhashmap-lru-1.4.jar
7f680ff70000-7f680ff72000 r--s 0000e000 fd:01 402172                     /opt/grails-2.4.3/dist/grails-plugin-url-mappings-2.4.3.jar
7f680ff72000-7f680ff73000 r--s 00006000 fd:01 402130                     /opt/grails-2.4.3/dist/grails-plugin-servlets-2.4.3.jar
7f680ff73000-7f680ff7a000 r--s 00036000 fd:01 401282                     /opt/grails-2.4.3/lib/org.springframework/spring-tx/jars/spring-tx-4.0.6.RELEASE.jar
7f680ff7a000-7f680ff7c000 r--s 00009000 fd:01 402109                     /opt/grails-2.4.3/dist/grails-plugin-services-2.4.3.jar
7f680ff7c000-7f680ff7d000 r--s 00001000 fd:01 401188                     /opt/grails-2.4.3/lib/org.slf4j/jul-to-slf4j/jars/jul-to-slf4j-1.7.5.jar
7f680ff7d000-7f680ff7e000 r--s 00000000 fd:01 401815                     /opt/grails-2.4.3/dist/grails-logging-2.4.3.jar
7f680ff7e000-7f680ff8d000 r--s 00096000 fd:01 401288                     /opt/grails-2.4.3/lib/org.springframework/spring-web/jars/spring-web-4.0.6.RELEASE.jar
7f680ff8d000-7f680ff92000 r--s 0002e000 fd:01 401794                     /opt/grails-2.4.3/dist/grails-encoder-2.4.3.jar
7f680ff92000-7f680ff98000 r--s 00033000 fd:01 400812                     /opt/grails-2.4.3/lib/commons-codec/commons-codec/jars/commons-codec-1.6.jar
7f680ff98000-7f680ff9a000 r--s 00012000 fd:01 401857                     /opt/grails-2.4.3/dist/grails-plugin-codecs-2.4.3.jar
7f680ff9a000-7f680ff9c000 r--s 0000c000 fd:01 402466                     /opt/grails-2.4.3/dist/grails-web-gsp-taglib-2.4.3.jar
7f680ff9c000-7f680ffa2000 r--s 00058000 fd:01 402004                     /opt/grails-2.4.3/dist/grails-plugin-gsp-2.4.3.jar
7f680ffa2000-7f680ffa4000 r--s 0000b000 fd:01 401983                     /opt/grails-2.4.3/dist/grails-plugin-filters-2.4.3.jar
7f680ffa4000-7f680ffa9000 r--s 00041000 fd:01 400834                     /opt/grails-2.4.3/lib/commons-lang/commons-lang/jars/commons-lang-2.6.jar
7f680ffa9000-7f680ffaa000 r--s 00005000 fd:01 402025                     /opt/grails-2.4.3/dist/grails-plugin-i18n-2.4.3.jar
7f680ffaa000-7f680ffaf000 r--s 00017000 fd:01 401164                     /opt/grails-2.4.3/lib/org.hibernate.javax.persistence/hibernate-jpa-2.1-api/jars/hibernate-jpa-2.1-api-1.0.0.Final.jar
7f680ffaf000-7f680ffb1000 r--s 00009000 fd:01 402277                     /opt/grails-2.4.3/dist/grails-spring-2.4.3.jar
7f680ffb1000-7f680ffb3000 r--s 00000000 fd:01 400742                     /opt/grails-2.4.3/lib/aopalliance/aopalliance/jars/aopalliance-1.0.jar
7f680ffb3000-7f680ffc7000 r--s 000db000 fd:01 401258                     /opt/grails-2.4.3/lib/org.springframework/spring-core/jars/spring-core-4.0.6.RELEASE.jar
7f680ffc7000-7f680ffca000 r--s 00041000 fd:01 401321                     /opt/grails-2.4.3/lib/xalan/serializer/jars/serializer-2.7.1.jar
7f680ffca000-7f680ffd6000 r--s 00098000 fd:01 401243                     /opt/grails-2.4.3/lib/org.springframework/spring-beans/jars/spring-beans-4.0.6.RELEASE.jar
7f680ffd6000-7f680ffd8000 r--s 00008000 fd:01 402193                     /opt/grails-2.4.3/dist/grails-plugin-validation-2.4.3.jar
7f680ffd8000-7f680ffdc000 r--s 00020000 fd:01 401878                     /opt/grails-2.4.3/dist/grails-plugin-controllers-2.4.3.jar
7f680ffdc000-7f680ffe0000 r--s 00019000 fd:01 401002                     /opt/grails-2.4.3/lib/org.aspectj/aspectjrt/jars/aspectjrt-1.8.1.jar
7f680ffe0000-7f680ffe7000 r--s 0004f000 fd:01 402445                     /opt/grails-2.4.3/dist/grails-web-gsp-2.4.3.jar
7f680ffe7000-7f6810000000 r--s 001ae000 fd:01 401005                     /opt/grails-2.4.3/lib/org.aspectj/aspectjweaver/jars/aspectjweaver-1.8.1.jar
7f6810000000-7f6810021000 rw-p 00000000 00:00 0 
7f6810021000-7f6814000000 ---p 00000000 00:00 0 
7f6814000000-7f6814021000 rw-p 00000000 00:00 0 
7f6814021000-7f6818000000 ---p 00000000 00:00 0 
7f6818000000-7f6818021000 rw-p 00000000 00:00 0 
7f6818021000-7f681c000000 ---p 00000000 00:00 0 
7f681c000000-7f681c021000 rw-p 00000000 00:00 0 
7f681c021000-7f6820000000 ---p 00000000 00:00 0 
7f6820000000-7f6821deb000 rw-p 00000000 00:00 0 
7f6821deb000-7f6824000000 ---p 00000000 00:00 0 
7f6824000000-7f6824021000 rw-p 00000000 00:00 0 
7f6824021000-7f6828000000 ---p 00000000 00:00 0 
7f6828000000-7f6828021000 rw-p 00000000 00:00 0 
7f6828021000-7f682c000000 ---p 00000000 00:00 0 
7f682c000000-7f682d934000 rw-p 00000000 00:00 0 
7f682d934000-7f6830000000 ---p 00000000 00:00 0 
7f6830000000-7f68301d9000 rw-p 00000000 00:00 0 
7f68301d9000-7f6834000000 ---p 00000000 00:00 0 
7f6834000000-7f683402f000 rw-p 00000000 00:00 0 
7f683402f000-7f6838000000 ---p 00000000 00:00 0 
7f6838000000-7f6838056000 rw-p 00000000 00:00 0 
7f6838056000-7f683c000000 ---p 00000000 00:00 0 
7f683c000000-7f683c29b000 rw-p 00000000 00:00 0 
7f683c29b000-7f6840000000 ---p 00000000 00:00 0 
7f6840000000-7f684008e000 rw-p 00000000 00:00 0 
7f684008e000-7f6844000000 ---p 00000000 00:00 0 
7f6844000000-7f684400e000 r--s 000a8000 fd:01 401731                     /opt/grails-2.4.3/dist/grails-core-2.4.3.jar
7f684400e000-7f6844012000 r--s 00023000 fd:01 402550                     /opt/grails-2.4.3/dist/grails-web-url-mappings-2.4.3.jar
7f6844012000-7f6844016000 r--s 00024000 fd:01 402487                     /opt/grails-2.4.3/dist/grails-web-jsp-2.4.3.jar
7f6844016000-7f6844018000 r--s 0000f000 fd:01 400823                     /opt/grails-2.4.3/lib/commons-fileupload/commons-fileupload/jars/commons-fileupload-1.3.1.jar
7f6844018000-7f684401a000 r--s 0000b000 fd:01 401237                     /opt/grails-2.4.3/lib/org.springframework/spring-aspects/jars/spring-aspects-4.0.6.RELEASE.jar
7f684401a000-7f6844026000 r--s 00096000 fd:01 401291                     /opt/grails-2.4.3/lib/org.springframework/spring-webmvc/jars/spring-webmvc-4.0.6.RELEASE.jar
7f6844026000-7f684402a000 r--s 0001e000 fd:01 401252                     /opt/grails-2.4.3/lib/org.springframework/spring-context-support/jars/spring-context-support-4.0.6.RELEASE.jar
7f684402a000-7f684402f000 r--s 00030000 fd:01 402361                     /opt/grails-2.4.3/dist/grails-web-common-2.4.3.jar
7f684402f000-7f6844031000 r--s 00009000 fd:01 402508                     /opt/grails-2.4.3/dist/grails-web-mvc-2.4.3.jar
7f6844031000-7f6844033000 r--s 00013000 fd:01 401752                     /opt/grails-2.4.3/dist/grails-databinding-2.4.3.jar
7f6844033000-7f6844035000 r--s 0001d000 fd:01 402382                     /opt/grails-2.4.3/dist/grails-web-databinding-2.4.3.jar
7f6844035000-7f684403b000 r--s 00027000 fd:01 400911                     /opt/grails-2.4.3/lib/opensymphony/sitemesh/jars/sitemesh-2.4.jar
7f684403b000-7f684403d000 r--s 0000b000 fd:01 402529                     /opt/grails-2.4.3/dist/grails-web-sitemesh-2.4.3.jar
7f684403d000-7f684403f000 r--s 00009000 fd:01 402340                     /opt/grails-2.4.3/dist/grails-web-2.4.3.jar
7f684403f000-7f6844044000 r--s 0002a000 fd:01 400760                     /opt/grails-2.4.3/lib/com.google.code.gson/gson/jars/gson-2.2.4.jar
7f6844044000-7f6844049000 r--s 0002e000 fd:01 401264                     /opt/grails-2.4.3/lib/org.springframework/spring-expression/jars/spring-expression-4.0.6.RELEASE.jar
7f6844049000-7f6844052000 r--s 0004e000 fd:01 401234                     /opt/grails-2.4.3/lib/org.springframework/spring-aop/jars/spring-aop-4.0.6.RELEASE.jar
7f6844052000-7f6844069000 r--s 000d8000 fd:01 401249                     /opt/grails-2.4.3/lib/org.springframework/spring-context/jars/spring-context-4.0.6.RELEASE.jar
7f6844069000-7f6844073000 r--s 0005e000 fd:01 401270                     /opt/grails-2.4.3/lib/org.springframework/spring-jdbc/jars/spring-jdbc-4.0.6.RELEASE.jar
7f6844073000-7f6844075000 r--s 00008000 fd:01 400989                     /opt/grails-2.4.3/lib/org.apache.tomcat/tomcat-juli/jars/tomcat-juli-7.0.50.jar
7f6844075000-7f6844077000 r--s 0001d000 fd:01 400984                     /opt/grails-2.4.3/lib/org.apache.tomcat/tomcat-jdbc/jars/tomcat-jdbc-7.0.50.jar
7f6844077000-7f6844079000 r--s 0000d000 fd:01 401941                     /opt/grails-2.4.3/dist/grails-plugin-datasource-2.4.3.jar
7f6844079000-7f684407c000 r--s 00038000 fd:01 402088                     /opt/grails-2.4.3/dist/grails-plugin-rest-2.4.3.jar
7f684407c000-7f6844086000 r--s 00251000 fd:01 400541                     /opt/jdk1.7.0_65/jre/lib/resources.jar
7f6844086000-7f6844089000 ---p 00000000 00:00 0 
7f6844089000-7f6844187000 rw-p 00000000 00:00 0 
7f6844187000-7f6844197000 r-xp 00000000 fd:01 400469                     /opt/jdk1.7.0_65/jre/lib/amd64/libnio.so
7f6844197000-7f6844397000 ---p 00010000 fd:01 400469                     /opt/jdk1.7.0_65/jre/lib/amd64/libnio.so
7f6844397000-7f6844398000 rw-p 00010000 fd:01 400469                     /opt/jdk1.7.0_65/jre/lib/amd64/libnio.so
7f6844398000-7f68443ae000 r-xp 00000000 fd:01 400429                     /opt/jdk1.7.0_65/jre/lib/amd64/libnet.so
7f68443ae000-7f68445ae000 ---p 00016000 fd:01 400429                     /opt/jdk1.7.0_65/jre/lib/amd64/libnet.so
7f68445ae000-7f68445af000 rw-p 00016000 fd:01 400429                     /opt/jdk1.7.0_65/jre/lib/amd64/libnet.so
7f68445af000-7f68445b2000 ---p 00000000 00:00 0 
7f68445b2000-7f68446b0000 rw-p 00000000 00:00 0 
7f68446b0000-7f68446b1000 r-xp 00000000 fd:01 533295                     /tmp/libjansi-64-3857509228016403611.so
7f68446b1000-7f68448b0000 ---p 00001000 fd:01 533295                     /tmp/libjansi-64-3857509228016403611.so
7f68448b0000-7f68448b1000 rw-p 00000000 fd:01 533295                     /tmp/libjansi-64-3857509228016403611.so
7f68448b1000-7f68448b4000 ---p 00000000 00:00 0 
7f68448b4000-7f68448ea000 rw-p 00000000 00:00 0 
7f68448ea000-7f68448eb000 ---p 00000000 00:00 0 
7f68448eb000-7f68449eb000 rw-p 00000000 00:00 0 
7f68449eb000-7f68449ee000 ---p 00000000 00:00 0 
7f68449ee000-7f6844aec000 rw-p 00000000 00:00 0 
7f6844aec000-7f6844aef000 ---p 00000000 00:00 0 
7f6844aef000-7f6844bed000 rw-p 00000000 00:00 0 
7f6844bed000-7f6844bf0000 ---p 00000000 00:00 0 
7f6844bf0000-7f6844cee000 rw-p 00000000 00:00 0 
7f6844cee000-7f6844cf4000 r--s 0005f000 fd:01 401297                     /opt/grails-2.4.3/lib/org.springframework/springloaded/jars/springloaded-1.2.0.RELEASE.jar
7f6844cf4000-7f6844cf5000 r--s 00013000 fd:01 131827                     /universe/pickupmyshift/target/work/plugins/tomcat-7.0.55/grails-plugin-tomcat-7.0.55.jar
7f6844cf5000-7f6844d05000 r--s 0019c000 fd:01 1054623                    /root/.m2/repository/org/eclipse/jdt/core/compiler/ecj/3.7.2/ecj-3.7.2.jar
7f6844d05000-7f6844d27000 r--s 0026b000 fd:01 1054624                    /root/.m2/repository/org/apache/tomcat/embed/tomcat-embed-core/7.0.55/tomcat-embed-core-7.0.55.jar
7f6844d27000-7f6844d2c000 r--s 0002f000 fd:01 1054620                    /root/.m2/repository/org/apache/tomcat/embed/tomcat-embed-websocket/7.0.55/tomcat-embed-websocket-7.0.55.jar
7f6844d2c000-7f6844d2e000 r--s 00013000 fd:01 1054618                    /root/.m2/repository/org/apache/tomcat/embed/tomcat-embed-logging-log4j/7.0.55/tomcat-embed-logging-log4j-7.0.55.jar
7f6844d2e000-7f6844d31000 r--s 00028000 fd:01 1054616                    /root/.m2/repository/org/apache/tomcat/embed/tomcat-embed-el/7.0.55/tomcat-embed-el-7.0.55.jar
7f6844d31000-7f6844d3a000 r--s 0009f000 fd:01 1054614                    /root/.m2/repository/org/apache/tomcat/embed/tomcat-embed-jasper/7.0.55/tomcat-embed-jasper-7.0.55.jar
7f6844d3a000-7f6844d3c000 r--s 0000c000 fd:01 1054612                    /root/.m2/repository/org/apache/tomcat/tomcat-catalina-ant/7.0.55/tomcat-catalina-ant-7.0.55.jar
7f6844d3c000-7f6844d3e000 r--s 0001a000 fd:01 401134                     /opt/grails-2.4.3/lib/org.fusesource.jansi/jansi/jars/jansi-1.11.jar
7f6844d3e000-7f6844d53000 r--s 00116000 fd:01 400941                     /opt/grails-2.4.3/lib/org.apache.ivy/ivy/jars/ivy-2.3.0.jar
7f6844d53000-7f6844dbe000 r--s 00685000 fd:01 401036                     /opt/grails-2.4.3/lib/org.codehaus.groovy/groovy-all/jars/groovy-all-2.3.6.jar
7f6844dbe000-7f6844e29000 r--s 00e22000 fd:01 398625                     /opt/jdk1.7.0_65/lib/tools.jar
7f6844e29000-7f6844e2c000 ---p 00000000 00:00 0 
7f6844e2c000-7f6844f2a000 rw-p 00000000 00:00 0 
7f6844f2a000-7f6844f2d000 ---p 00000000 00:00 0 
7f6844f2d000-7f684502b000 rw-p 00000000 00:00 0 
7f684502b000-7f684502e000 ---p 00000000 00:00 0 
7f684502e000-7f684512c000 rw-p 00000000 00:00 0 
7f684512c000-7f684512d000 ---p 00000000 00:00 0 
7f684512d000-7f6845b81000 rw-p 00000000 00:00 0 
7f6845b81000-7f6845d40000 r--s 039e5000 fd:01 400599                     /opt/jdk1.7.0_65/jre/lib/rt.jar
7f6845d40000-7f6848011000 rw-p 00000000 00:00 0 
7f6848011000-7f6848012000 ---p 00000000 00:00 0 
7f6848012000-7f6848112000 rw-p 00000000 00:00 0 
7f6848112000-7f6848113000 ---p 00000000 00:00 0 
7f6848113000-7f6848234000 rw-p 00000000 00:00 0 
7f6848234000-7f6848293000 rw-p 00000000 00:00 0 
7f6848293000-7f68482c0000 rw-p 00000000 00:00 0 
7f68482c0000-7f68482ef000 ---p 00000000 00:00 0 
7f68482ef000-7f6848393000 rw-p 00000000 00:00 0 
7f6848393000-7f68483b4000 rw-p 00000000 00:00 0 
7f68483b4000-7f6848413000 rw-p 00000000 00:00 0 
7f6848413000-7f6848440000 rw-p 00000000 00:00 0 
7f6848440000-7f684846f000 ---p 00000000 00:00 0 
7f684846f000-7f6848513000 rw-p 00000000 00:00 0 
7f6848513000-7f6848591000 rw-p 00000000 00:00 0 
7f6848591000-7f6848593000 ---p 00000000 00:00 0 
7f6848593000-7f6848594000 rw-p 00000000 00:00 0 
7f6848594000-7f6848b04000 rwxp 00000000 00:00 0 
7f6848b04000-7f684b594000 rw-p 00000000 00:00 0 
7f684b594000-7f684b5ae000 r-xp 00000000 fd:01 400483                     /opt/jdk1.7.0_65/jre/lib/amd64/libzip.so
7f684b5ae000-7f684b7ae000 ---p 0001a000 fd:01 400483                     /opt/jdk1.7.0_65/jre/lib/amd64/libzip.so
7f684b7ae000-7f684b7af000 rw-p 0001a000 fd:01 400483                     /opt/jdk1.7.0_65/jre/lib/amd64/libzip.so
7f684b7af000-7f684b7bb000 r-xp 00000000 fd:01 1048898                    /lib64/libnss_files-2.12.so
7f684b7bb000-7f684b9bb000 ---p 0000c000 fd:01 1048898                    /lib64/libnss_files-2.12.so
7f684b9bb000-7f684b9bc000 r--p 0000c000 fd:01 1048898                    /lib64/libnss_files-2.12.so
7f684b9bc000-7f684b9bd000 rw-p 0000d000 fd:01 1048898                    /lib64/libnss_files-2.12.so
7f684b9bd000-7f684b9c7000 r-xp 00000000 fd:01 400481                     /opt/jdk1.7.0_65/jre/lib/amd64/libinstrument.so
7f684b9c7000-7f684bbc6000 ---p 0000a000 fd:01 400481                     /opt/jdk1.7.0_65/jre/lib/amd64/libinstrument.so
7f684bbc6000-7f684bbc7000 rw-p 00009000 fd:01 400481                     /opt/jdk1.7.0_65/jre/lib/amd64/libinstrument.so
7f684bbc7000-7f684bbf0000 r-xp 00000000 fd:01 400466                     /opt/jdk1.7.0_65/jre/lib/amd64/libjava.so
7f684bbf0000-7f684bdf0000 ---p 00029000 fd:01 400466                     /opt/jdk1.7.0_65/jre/lib/amd64/libjava.so
7f684bdf0000-7f684bdf2000 rw-p 00029000 fd:01 400466                     /opt/jdk1.7.0_65/jre/lib/amd64/libjava.so
7f684bdf2000-7f684bdff000 r-xp 00000000 fd:01 400428                     /opt/jdk1.7.0_65/jre/lib/amd64/libverify.so
7f684bdff000-7f684bffe000 ---p 0000d000 fd:01 400428                     /opt/jdk1.7.0_65/jre/lib/amd64/libverify.so
7f684bffe000-7f684c000000 rw-p 0000c000 fd:01 400428                     /opt/jdk1.7.0_65/jre/lib/amd64/libverify.so
7f684c000000-7f684caa7000 rw-p 00000000 00:00 0 
7f684caa7000-7f6850000000 ---p 00000000 00:00 0 
7f6850000000-7f6850001000 r--s 00005000 fd:01 401920                     /opt/grails-2.4.3/dist/grails-plugin-databinding-2.4.3.jar
7f6850001000-7f6850002000 r--s 00000000 fd:01 402424                     /opt/grails-2.4.3/dist/grails-web-fileupload-2.4.3.jar
7f6850002000-7f6850004000 r--s 00001000 fd:01 399935                     /opt/jdk1.7.0_65/jre/lib/ext/dnsns.jar
7f6850004000-7f6850008000 r--s 0008a000 fd:01 400612                     /opt/jdk1.7.0_65/jre/lib/jsse.jar
7f6850008000-7f685000b000 r--s 00018000 fd:01 400918                     /opt/grails-2.4.3/lib/org.apache.ant/ant-junit/jars/ant-junit-1.8.4.jar
7f685000b000-7f685000c000 r--s 00001000 fd:01 400924                     /opt/grails-2.4.3/lib/org.apache.ant/ant-trax/jars/ant-trax-1.7.1.jar
7f685000c000-7f685000d000 r--s 00004000 fd:01 400921                     /opt/grails-2.4.3/lib/org.apache.ant/ant-launcher/jars/ant-launcher-1.8.4.jar
7f685000d000-7f685002b000 r--s 001bd000 fd:01 400915                     /opt/grails-2.4.3/lib/org.apache.ant/ant/jars/ant-1.8.4.jar
7f685002b000-7f6850039000 r--s 000db000 fd:01 401710                     /opt/grails-2.4.3/dist/grails-bootstrap-2.4.3.jar
7f6850039000-7f6850040000 r-xp 00000000 fd:01 1048952                    /lib64/librt-2.12.so
7f6850040000-7f685023f000 ---p 00007000 fd:01 1048952                    /lib64/librt-2.12.so
7f685023f000-7f6850240000 r--p 00006000 fd:01 1048952                    /lib64/librt-2.12.so
7f6850240000-7f6850241000 rw-p 00007000 fd:01 1048952                    /lib64/librt-2.12.so
7f6850241000-7f68502c4000 r-xp 00000000 fd:01 1048811                    /lib64/libm-2.12.so
7f68502c4000-7f68504c3000 ---p 00083000 fd:01 1048811                    /lib64/libm-2.12.so
7f68504c3000-7f68504c4000 r--p 00082000 fd:01 1048811                    /lib64/libm-2.12.so
7f68504c4000-7f68504c5000 rw-p 00083000 fd:01 1048811                    /lib64/libm-2.12.so
7f68504c5000-7f6851035000 r-xp 00000000 fd:01 400442                     /opt/jdk1.7.0_65/jre/lib/amd64/server/libjvm.so
7f6851035000-7f6851234000 ---p 00b70000 fd:01 400442                     /opt/jdk1.7.0_65/jre/lib/amd64/server/libjvm.so
7f6851234000-7f68512f9000 rw-p 00b6f000 fd:01 400442                     /opt/jdk1.7.0_65/jre/lib/amd64/server/libjvm.so
7f68512f9000-7f6851339000 rw-p 00000000 00:00 0 
7f6851339000-7f68514c3000 r-xp 00000000 fd:01 1048681                    /lib64/libc-2.12.so
7f68514c3000-7f68516c3000 ---p 0018a000 fd:01 1048681                    /lib64/libc-2.12.so
7f68516c3000-7f68516c7000 r--p 0018a000 fd:01 1048681                    /lib64/libc-2.12.so
7f68516c7000-7f68516c8000 rw-p 0018e000 fd:01 1048681                    /lib64/libc-2.12.so
7f68516c8000-7f68516cd000 rw-p 00000000 00:00 0 
7f68516cd000-7f68516cf000 r-xp 00000000 fd:01 1048714                    /lib64/libdl-2.12.so
7f68516cf000-7f68518cf000 ---p 00002000 fd:01 1048714                    /lib64/libdl-2.12.so
7f68518cf000-7f68518d0000 r--p 00002000 fd:01 1048714                    /lib64/libdl-2.12.so
7f68518d0000-7f68518d1000 rw-p 00003000 fd:01 1048714                    /lib64/libdl-2.12.so
7f68518d1000-7f68518e7000 r-xp 00000000 fd:01 398619                     /opt/jdk1.7.0_65/lib/amd64/jli/libjli.so
7f68518e7000-7f6851ae7000 ---p 00016000 fd:01 398619                     /opt/jdk1.7.0_65/lib/amd64/jli/libjli.so
7f6851ae7000-7f6851ae8000 rw-p 00016000 fd:01 398619                     /opt/jdk1.7.0_65/lib/amd64/jli/libjli.so
7f6851ae8000-7f6851aff000 r-xp 00000000 fd:01 1048901                    /lib64/libpthread-2.12.so
7f6851aff000-7f6851cff000 ---p 00017000 fd:01 1048901                    /lib64/libpthread-2.12.so
7f6851cff000-7f6851d00000 r--p 00017000 fd:01 1048901                    /lib64/libpthread-2.12.so
7f6851d00000-7f6851d01000 rw-p 00018000 fd:01 1048901                    /lib64/libpthread-2.12.so
7f6851d01000-7f6851d05000 rw-p 00000000 00:00 0 
7f6851d05000-7f6851d25000 r-xp 00000000 fd:01 1048618                    /lib64/ld-2.12.so
7f6851d25000-7f6851d29000 r--s 00031000 fd:01 400889                     /opt/grails-2.4.3/lib/jline/jline/jars/jline-2.12.jar
7f6851d29000-7f6851d32000 r--s 0006f000 fd:01 400903                     /opt/grails-2.4.3/lib/log4j/log4j/jars/log4j-1.2.17.jar
7f6851d32000-7f6851d35000 r--s 0000d000 fd:01 402046                     /opt/grails-2.4.3/dist/grails-plugin-log4j-2.4.3.jar
7f6851d35000-7f6851d3a000 r--s 00050000 fd:01 401022                     /opt/grails-2.4.3/lib/org.codehaus.gant/gant_groovy1.8/jars/gant_groovy1.8-1.9.6.jar
7f6851d3a000-7f6851d64000 rw-p 00000000 00:00 0 
7f6851d64000-7f6851e0e000 rw-p 00000000 00:00 0 
7f6851e0e000-7f6851e16000 rw-s 00000000 fd:01 533291                     /tmp/hsperfdata_root/515
7f6851e16000-7f6851e19000 ---p 00000000 00:00 0 
7f6851e19000-7f6851f1b000 rw-p 00000000 00:00 0 
7f6851f1b000-7f6851f1d000 r--s 00005000 fd:01 401194                     /opt/grails-2.4.3/lib/org.slf4j/slf4j-api/jars/slf4j-api-1.7.5.jar
7f6851f1d000-7f6851f1f000 r--s 00013000 fd:01 400995                     /opt/grails-2.4.3/lib/org.apache.tomcat.embed/tomcat-embed-logging-log4j/jars/tomcat-embed-logging-log4j-7.0.50.jar
7f6851f1f000-7f6851f21000 r--s 00003000 fd:01 401182                     /opt/grails-2.4.3/lib/org.slf4j/jcl-over-slf4j/jars/jcl-over-slf4j-1.7.5.jar
7f6851f21000-7f6851f22000 rw-p 00000000 00:00 0 
7f6851f22000-7f6851f23000 ---p 00000000 00:00 0 
7f6851f23000-7f6851f24000 rw-p 00000000 00:00 0 
7f6851f24000-7f6851f25000 r--p 0001f000 fd:01 1048618                    /lib64/ld-2.12.so
7f6851f25000-7f6851f26000 rw-p 00020000 fd:01 1048618                    /lib64/ld-2.12.so
7f6851f26000-7f6851f27000 rw-p 00000000 00:00 0 
7fff3357a000-7fff33590000 rw-p 00000000 00:00 0                          [stack]
7fff335ff000-7fff33600000 r-xp 00000000 00:00 0                          [vdso]
ffffffffff600000-ffffffffff601000 r-xp 00000000 00:00 0                  [vsyscall]

VM Arguments:
jvm_args: -Dfile.encoding=UTF-8 -Xmx768M -Xms64M -XX:MaxPermSize=256m -Dgrails.fork.parent.process.port=51136 -Dgrails.fork.active=true -Dgrails.build.execution.context=/tmp/pickupmyshift1598995634189809407grails-execution-context -Dgrails.home=/opt/grails-2.4.3 -javaagent:/opt/grails-2.4.3/lib/org.springframework/springloaded/jars/springloaded-1.2.0.RELEASE.jar -Xverify:none -Dspringloaded.synchronize=true -Djdk.reflect.allowGetCallerClass=true -Dspringloaded=profile=grails;cacheDir=/root/.grails/2.4.3 
java_command: org.grails.plugins.tomcat.fork.ForkedTomcatServer
Launcher Type: SUN_STANDARD

Environment Variables:
JAVA_HOME=/opt/jdk1.7.0_65
PATH=/root/.gvm/vertx/current/bin:/root/.gvm/springboot/current/bin:/root/.gvm/lazybones/current/bin:/root/.gvm/jbake/current/bin:/root/.gvm/groovyserv/current/bin:/root/.gvm/groovy/current/bin:/root/.gvm/griffon/current/bin:/root/.gvm/grails/current/bin:/root/.gvm/gradle/current/bin:/root/.gvm/glide/current/bin:/root/.gvm/gaiden/current/bin:/root/.gvm/crash/current/bin:/usr/local/rvm/gems/ruby-1.9.2-p330/bin:/usr/local/rvm/gems/ruby-1.9.2-p330@global/bin:/usr/local/rvm/rubies/ruby-1.9.2-p330/bin:/usr/local/sbin:/usr/local/bin:/sbin:/bin:/usr/sbin:/usr/bin:/usr/local/rvm/bin:/opt/grails-2.4.3//bin:/root/bin
SHELL=/bin/bash

Signal Handlers:
SIGSEGV: [libjvm.so+0x99f4a0], sa_mask[0]=0x7ffbfeff, sa_flags=0x10000004
SIGBUS: [libjvm.so+0x99f4a0], sa_mask[0]=0x7ffbfeff, sa_flags=0x10000004
SIGFPE: [libjvm.so+0x81a860], sa_mask[0]=0x7ffbfeff, sa_flags=0x10000004
SIGPIPE: [libjvm.so+0x81a860], sa_mask[0]=0x7ffbfeff, sa_flags=0x10000004
SIGXFSZ: [libjvm.so+0x81a860], sa_mask[0]=0x7ffbfeff, sa_flags=0x10000004
SIGILL: [libjvm.so+0x81a860], sa_mask[0]=0x7ffbfeff, sa_flags=0x10000004
SIGUSR1: SIG_DFL, sa_mask[0]=0x00000000, sa_flags=0x00000000
SIGUSR2: [libjvm.so+0x81c060], sa_mask[0]=0x00000004, sa_flags=0x10000004
SIGHUP: [libjvm.so+0x81d160], sa_mask[0]=0x7ffbfeff, sa_flags=0x10000004
SIGINT: [libjvm.so+0x81d160], sa_mask[0]=0x7ffbfeff, sa_flags=0x10000004
SIGTERM: [libjvm.so+0x81d160], sa_mask[0]=0x7ffbfeff, sa_flags=0x10000004
SIGQUIT: [libjvm.so+0x81d160], sa_mask[0]=0x7ffbfeff, sa_flags=0x10000004


---------------  S Y S T E M  ---------------

OS:CentOS release 6.4 (Final)

uname:Linux 2.6.32-358.6.2.el6.x86_64 #1 SMP Thu May 16 20:59:36 UTC 2013 x86_64
libc:glibc 2.12 NPTL 2.12 
rlimit: STACK 10240k, CORE 0k, NPROC 15931, NOFILE 4096, AS infinity
load average:1.34 0.57 0.21

/proc/meminfo:
MemTotal:        2054672 kB
MemFree:           56600 kB
Buffers:            1136 kB
Cached:            14800 kB
SwapCached:            0 kB
Active:          1927632 kB
Inactive:           6860 kB
Active(anon):    1918572 kB
Inactive(anon):      144 kB
Active(file):       9060 kB
Inactive(file):     6716 kB
Unevictable:          32 kB
Mlocked:              32 kB
SwapTotal:             0 kB
SwapFree:              0 kB
Dirty:                84 kB
Writeback:             0 kB
AnonPages:       1918744 kB
Mapped:            10632 kB
Shmem:               156 kB
Slab:              31308 kB
SReclaimable:       9096 kB
SUnreclaim:        22212 kB
KernelStack:        1808 kB
PageTables:         8040 kB
NFS_Unstable:          0 kB
Bounce:                0 kB
WritebackTmp:          0 kB
CommitLimit:     1027336 kB
Committed_AS:    2209876 kB
VmallocTotal:   34359738367 kB
VmallocUsed:       10928 kB
VmallocChunk:   34359723968 kB
HardwareCorrupted:     0 kB
AnonHugePages:    296960 kB
HugePages_Total:       0
HugePages_Free:        0
HugePages_Rsvd:        0
HugePages_Surp:        0
Hugepagesize:       2048 kB
DirectMap4k:        6136 kB
DirectMap2M:     2091008 kB
DirectMap1G:           0 kB


CPU:total 2 (1 cores per cpu, 1 threads per core) family 6 model 62 stepping 4, cmov, cx8, fxsr, mmx, sse, sse2, sse3, ssse3, sse4.1, sse4.2, popcnt, avx, aes, erms, tsc

/proc/cpuinfo:
processor	: 0
vendor_id	: GenuineIntel
cpu family	: 6
model		: 62
model name	: Intel(R) Xeon(R) CPU E5-2630L v2 @ 2.40GHz
stepping	: 4
cpu MHz		: 2399.998
cache size	: 15360 KB
fpu		: yes
fpu_exception	: yes
cpuid level	: 13
wp		: yes
flags		: fpu vme de pse tsc msr pae mce cx8 apic sep mtrr pge mca cmov pat pse36 clflush mmx fxsr sse sse2 ss syscall nx pdpe1gb rdtscp lm constant_tsc arch_perfmon rep_good unfair_spinlock pni pclmulqdq vmx ssse3 cx16 pcid sse4_1 sse4_2 x2apic popcnt tsc_deadline_timer aes xsave avx f16c rdrand hypervisor lahf_lm xsaveopt vnmi ept fsgsbase smep erms
bogomips	: 4799.99
clflush size	: 64
cache_alignment	: 64
address sizes	: 40 bits physical, 48 bits virtual
power management:

processor	: 1
vendor_id	: GenuineIntel
cpu family	: 6
model		: 62
model name	: Intel(R) Xeon(R) CPU E5-2630L v2 @ 2.40GHz
stepping	: 4
cpu MHz		: 2399.998
cache size	: 15360 KB
fpu		: yes
fpu_exception	: yes
cpuid level	: 13
wp		: yes
flags		: fpu vme de pse tsc msr pae mce cx8 apic sep mtrr pge mca cmov pat pse36 clflush mmx fxsr sse sse2 ss syscall nx pdpe1gb rdtscp lm constant_tsc arch_perfmon rep_good unfair_spinlock pni pclmulqdq vmx ssse3 cx16 pcid sse4_1 sse4_2 x2apic popcnt tsc_deadline_timer aes xsave avx f16c rdrand hypervisor lahf_lm xsaveopt vnmi ept fsgsbase smep erms
bogomips	: 4799.99
clflush size	: 64
cache_alignment	: 64
address sizes	: 40 bits physical, 48 bits virtual
power management:



Memory: 4k page, physical 2054672k(56600k free), swap 0k(0k free)

vm_info: Java HotSpot(TM) 64-Bit Server VM (24.65-b04) for linux-amd64 JRE (1.7.0_65-b17), built on Jun 16 2014 20:55:34 by "java_re" with gcc 4.3.0 20080428 (Red Hat 4.3.0-8)

time: Tue Feb 24 18:05:01 2015
elapsed time: 62 seconds

